
---- Votes and Modules ----
default: |NEUTRAL|
onedamage: |default|MASK|
one: |default|MASK|
SHOW -shown(2)
NEUTRAL -shown(0)
oneid: |default|MASK|
MASK -hidden(1)
--------   Rules   --------
hide: |MASK|MASK|default|MASK|MASK|default|default|default|default|
keep-one: |one|one|default|one|one|default|default|default|default|
keep-oned: |onedamage|onedamage|default|onedamage|onedamage|default|default|default|default|
keep: |default|default|MASK|default|default|MASK|MASK|MASK|MASK|
keep-onei: |oneid|oneid|default|oneid|oneid|default|default|default|default|
show: |SHOW|SHOW|default|SHOW|SHOW|default|default|default|default|
----------------------------------------------------
6025 items registered
11 filters loaded
366 items matched in 47 ms
----------------------------------------------------

- bibliocraft :
	+ armorstand:                               	keep:[0]
	+ atlasbook:                                	keep:[0]
	+ atlasplate:                               	keep:[0]
	+ bell:                                     	keep:[0]
	+ bibliochase:                              	keep:[0]
	+ biblioclipboard:                          	keep:[0]
	+ bibliocreativelock:                       	keep:[0]
	+ bibliodrill:                              	keep:[0]
	+ biblioglasses:                            	keep:[0]
	+ biblioredbook:                            	keep:[0]
	+ bigbook:                                  	keep:[0]
	+ bookcase:                                 	keep:[0]
	+ bookcasecreative:                         	keep:[0]	hide:[]
	+ case:                                     	keep:[0]
	+ clipboard:                                	keep:[0]	hide:[]
	+ clock:                                    	keep:[0]
	+ compass:                                  	keep:[0]
	+ cookiejar:                                	keep:[0]
	+ deathcompass:                             	keep:[0]
	+ desk:                                     	keep:[0]
	+ dinnerplate:                              	keep:[0]
	+ discrack:                                 	keep:[0]
	+ enchantedplate:                           	keep:[0]
	+ fancysign:                                	keep:[0]
	+ fancyworkbench:                           	keep:[0]
	+ framedchest:                              	keep:[0]
	+ framingboard:                             	keep:[0]
	+ framingsaw:                               	keep:[0]
	+ framingsheet:                             	keep:[0]
	+ furniturepaneler:                         	keep:[0]
	+ handdrill:                                	keep:[0]
	+ label:                                    	keep:[0]
	+ lampgold:                                 	keep:[0]
	+ lampiron:                                 	keep:[0]
	+ lanterngold:                              	keep:[0]
	+ lanterniron:                              	keep:[0]
	+ mapframe:                                 	keep:[0]
	+ maptool:                                  	keep:[0]
	+ markerpole:                               	keep:[0]	hide:[]
	+ paintingcanvas:                           	keep:[0]
	+ paintingframeborderless:                  	keep:[0]
	+ paintingframefancy:                       	keep:[0]
	+ paintingframeflat:                        	keep:[0]
	+ paintingframemiddle:                      	keep:[0]
	+ paintingframesimple:                      	keep:[0]
	+ paintingpress:                            	keep:[0]
	+ plumbline:                                	keep:[0]
	+ potionshelf:                              	keep:[0]
	+ printingpress:                            	keep:[0]
	+ printplate:                               	keep:[0]
	+ recipebook:                               	keep:[0]
	+ seat:                                     	keep:[0]
	+ seatback1:                                	keep:[0]
	+ seatback2:                                	keep:[0]
	+ seatback3:                                	keep:[0]
	+ seatback4:                                	keep:[0]
	+ seatback5:                                	keep:[0]
	+ shelf:                                    	keep:[0]
	+ slottedbook:                              	keep:[0]
	+ stockroomcatalog:                         	keep:[0]
	+ swordpedestal:                            	keep:[0]
	+ table:                                    	keep:[0]
	+ tape:                                     	keep:[0]
	+ tapemeasure:                              	keep:[0]
	+ testeritem:                               	keep:[0]
	+ toolrack:                                 	keep:[0]
	+ typesettingtable:                         	keep:[0]
	+ typewriter:                               	keep:[0]
- chisel :
	+ andesite:                                 	keep:[0]
	+ andesite1:                                	keep:[0]
	+ andesite2:                                	keep:[0]
	+ antiblock:                                	keep:[0]
	+ arcane_stone:                             	keep:[0]
	+ arcane_stone1:                            	keep:[0]
	+ arcane_stone2:                            	keep:[0]
	+ auto_chisel:                              	keep:[0]
	+ basalt:                                   	keep:[0]
	+ basalt1:                                  	keep:[0]
	+ basalt2:                                  	keep:[0]
	+ block_charcoal:                           	keep:[0]	keep-onei:[0]
	+ block_charcoal1:                          	keep:[0]	keep-onei:[0]
	+ block_charcoal2:                          	keep:[0]	keep-onei:[0]
	+ block_coal:                               	keep:[0]	keep-onei:[0]
	+ block_coal1:                              	keep:[0]	keep-onei:[0]
	+ block_coal2:                              	keep:[0]	keep-onei:[0]
	+ block_coal_coke:                          	keep:[0]	keep-onei:[0]
	+ block_coal_coke1:                         	keep:[0]	keep-onei:[0]
	+ block_coal_coke2:                         	keep:[0]	keep-onei:[0]
	+ blockaluminum:                            	keep:[0]	keep-onei:[0]
	+ blockbronze:                              	keep:[0]	keep-onei:[0]
	+ blockcobalt:                              	keep:[0]	keep-onei:[0]
	+ blockcopper:                              	keep:[0]	keep-onei:[0]
	+ blockelectrum:                            	keep:[0]	keep-onei:[0]
	+ blockgold:                                	keep:[0]	keep-onei:[0]
	+ blockinvar:                               	keep:[0]	keep-onei:[0]
	+ blockiron:                                	keep:[0]	keep-onei:[0]
	+ blocklead:                                	keep:[0]	keep-onei:[0]
	+ blocknickel:                              	keep:[0]	keep-onei:[0]
	+ blockplatinum:                            	keep:[0]	keep-onei:[0]
	+ blocksilver:                              	keep:[0]	keep-onei:[0]
	+ blocksteel:                               	keep:[0]	keep-onei:[0]
	+ blocktin:                                 	keep:[0]	keep-onei:[0]
	+ blockuranium:                             	keep:[0]	keep-onei:[0]
	+ bookshelf_acacia:                         	keep:[0]
	+ bookshelf_birch:                          	keep:[0]
	+ bookshelf_darkoak:                        	keep:[0]
	+ bookshelf_jungle:                         	keep:[0]
	+ bookshelf_oak:                            	keep:[0]
	+ bookshelf_spruce:                         	keep:[0]
	+ bricks:                                   	keep:[0]	keep-onei:[0]
	+ bricks1:                                  	keep:[0]	keep-onei:[0]
	+ bricks2:                                  	keep:[0]	keep-onei:[0]
	+ brownstone:                               	keep:[0]
	+ carpet_black:                             	keep:[0]
	+ carpet_blue:                              	keep:[0]
	+ carpet_brown:                             	keep:[0]
	+ carpet_cyan:                              	keep:[0]
	+ carpet_gray:                              	keep:[0]
	+ carpet_green:                             	keep:[0]
	+ carpet_lightblue:                         	keep:[0]
	+ carpet_lightgray:                         	keep:[0]
	+ carpet_lime:                              	keep:[0]
	+ carpet_magenta:                           	keep:[0]
	+ carpet_orange:                            	keep:[0]
	+ carpet_pink:                              	keep:[0]
	+ carpet_purple:                            	keep:[0]
	+ carpet_red:                               	keep:[0]
	+ carpet_white:                             	keep:[0]
	+ carpet_yellow:                            	keep:[0]
	+ chisel_diamond:                           	keep:[0]
	+ chisel_hitech:                            	keep:[0]
	+ chisel_iron:                              	keep:[0]
	+ cloud:                                    	keep:[0]
	+ cobblestone:                              	keep:[0]	keep-onei:[0]
	+ cobblestone1:                             	keep:[0]	keep-onei:[0]
	+ cobblestone2:                             	keep:[0]	keep-onei:[0]
	+ cobblestonemossy:                         	keep:[0]	keep-onei:[0]
	+ cobblestonemossy1:                        	keep:[0]	keep-onei:[0]
	+ cobblestonemossy2:                        	keep:[0]	keep-onei:[0]
	+ concrete_black:                           	keep:[0]	keep-onei:[0]
	+ concrete_black1:                          	keep:[0]	keep-onei:[0]
	+ concrete_black2:                          	keep:[0]	keep-onei:[0]
	+ concrete_blue:                            	keep:[0]	keep-onei:[0]
	+ concrete_blue1:                           	keep:[0]	keep-onei:[0]
	+ concrete_blue2:                           	keep:[0]	keep-onei:[0]
	+ concrete_brown:                           	keep:[0]	keep-onei:[0]
	+ concrete_brown1:                          	keep:[0]	keep-onei:[0]
	+ concrete_brown2:                          	keep:[0]	keep-onei:[0]
	+ concrete_cyan:                            	keep:[0]	keep-onei:[0]
	+ concrete_cyan1:                           	keep:[0]	keep-onei:[0]
	+ concrete_cyan2:                           	keep:[0]	keep-onei:[0]
	+ concrete_gray:                            	keep:[0]	keep-onei:[0]
	+ concrete_gray1:                           	keep:[0]	keep-onei:[0]
	+ concrete_gray2:                           	keep:[0]	keep-onei:[0]
	+ concrete_green:                           	keep:[0]	keep-onei:[0]
	+ concrete_green1:                          	keep:[0]	keep-onei:[0]
	+ concrete_green2:                          	keep:[0]	keep-onei:[0]
	+ concrete_lightblue:                       	keep:[0]	keep-onei:[0]
	+ concrete_lightblue1:                      	keep:[0]	keep-onei:[0]
	+ concrete_lightblue2:                      	keep:[0]	keep-onei:[0]
	+ concrete_lightgray:                       	keep:[0]	keep-onei:[0]
	+ concrete_lightgray1:                      	keep:[0]	keep-onei:[0]
	+ concrete_lightgray2:                      	keep:[0]	keep-onei:[0]
	+ concrete_lime:                            	keep:[0]	keep-onei:[0]
	+ concrete_lime1:                           	keep:[0]	keep-onei:[0]
	+ concrete_lime2:                           	keep:[0]	keep-onei:[0]
	+ concrete_magenta:                         	keep:[0]	keep-onei:[0]
	+ concrete_magenta1:                        	keep:[0]	keep-onei:[0]
	+ concrete_magenta2:                        	keep:[0]	keep-onei:[0]
	+ concrete_orange:                          	keep:[0]	keep-onei:[0]
	+ concrete_orange1:                         	keep:[0]	keep-onei:[0]
	+ concrete_orange2:                         	keep:[0]	keep-onei:[0]
	+ concrete_pink:                            	keep:[0]	keep-onei:[0]
	+ concrete_pink1:                           	keep:[0]	keep-onei:[0]
	+ concrete_pink2:                           	keep:[0]	keep-onei:[0]
	+ concrete_purple:                          	keep:[0]	keep-onei:[0]
	+ concrete_purple1:                         	keep:[0]	keep-onei:[0]
	+ concrete_purple2:                         	keep:[0]	keep-onei:[0]
	+ concrete_red:                             	keep:[0]	keep-onei:[0]
	+ concrete_red1:                            	keep:[0]	keep-onei:[0]
	+ concrete_red2:                            	keep:[0]	keep-onei:[0]
	+ concrete_white:                           	keep:[0]	keep-onei:[0]
	+ concrete_white1:                          	keep:[0]	keep-onei:[0]
	+ concrete_white2:                          	keep:[0]	keep-onei:[0]
	+ concrete_yellow:                          	keep:[0]	keep-onei:[0]
	+ concrete_yellow1:                         	keep:[0]	keep-onei:[0]
	+ concrete_yellow2:                         	keep:[0]	keep-onei:[0]
	+ diamond:                                  	keep:[0]
	+ diorite:                                  	keep:[0]
	+ diorite1:                                 	keep:[0]
	+ diorite2:                                 	keep:[0]
	+ dirt:                                     	keep:[0]
	+ emerald:                                  	keep:[0]
	+ endstone:                                 	keep:[0]
	+ endstone1:                                	keep:[0]
	+ endstone2:                                	keep:[0]
	+ energizedvoidstone:                       	keep:[0]
	+ factory:                                  	keep:[0]
	+ factory1:                                 	keep:[0]
	+ futura:                                   	keep:[0]
	+ glass:                                    	keep:[0]	keep-onei:[0]
	+ glass1:                                   	keep:[0]	keep-onei:[0]
	+ glassdyedblack:                           	keep:[0]	keep-onei:[0]
	+ glassdyedblue:                            	keep:[0]	keep-onei:[0]
	+ glassdyedbrown:                           	keep:[0]	keep-onei:[0]
	+ glassdyedcyan:                            	keep:[0]	keep-onei:[0]
	+ glassdyedgray:                            	keep:[0]	keep-onei:[0]
	+ glassdyedgreen:                           	keep:[0]	keep-onei:[0]
	+ glassdyedlightblue:                       	keep:[0]	keep-onei:[0]
	+ glassdyedlightgray:                       	keep:[0]	keep-onei:[0]
	+ glassdyedlime:                            	keep:[0]	keep-onei:[0]
	+ glassdyedmagenta:                         	keep:[0]	keep-onei:[0]
	+ glassdyedorange:                          	keep:[0]	keep-onei:[0]
	+ glassdyedpink:                            	keep:[0]	keep-onei:[0]
	+ glassdyedpurple:                          	keep:[0]	keep-onei:[0]
	+ glassdyedred:                             	keep:[0]	keep-onei:[0]
	+ glassdyedwhite:                           	keep:[0]	keep-onei:[0]
	+ glassdyedyellow:                          	keep:[0]	keep-onei:[0]
	+ glasspane:                                	keep:[0]	keep-onei:[0]
	+ glasspane1:                               	keep:[0]	keep-onei:[0]
	+ glasspanedyedblack:                       	keep:[0]	keep-onei:[0]
	+ glasspanedyedblue:                        	keep:[0]	keep-onei:[0]
	+ glasspanedyedbrown:                       	keep:[0]	keep-onei:[0]
	+ glasspanedyedcyan:                        	keep:[0]	keep-onei:[0]
	+ glasspanedyedgray:                        	keep:[0]	keep-onei:[0]
	+ glasspanedyedgreen:                       	keep:[0]	keep-onei:[0]
	+ glasspanedyedlightblue:                   	keep:[0]	keep-onei:[0]
	+ glasspanedyedlightgray:                   	keep:[0]	keep-onei:[0]
	+ glasspanedyedlime:                        	keep:[0]	keep-onei:[0]
	+ glasspanedyedmagenta:                     	keep:[0]	keep-onei:[0]
	+ glasspanedyedorange:                      	keep:[0]	keep-onei:[0]
	+ glasspanedyedpink:                        	keep:[0]	keep-onei:[0]
	+ glasspanedyedpurple:                      	keep:[0]	keep-onei:[0]
	+ glasspanedyedred:                         	keep:[0]	keep-onei:[0]
	+ glasspanedyedwhite:                       	keep:[0]	keep-onei:[0]
	+ glasspanedyedyellow:                      	keep:[0]	keep-onei:[0]
	+ glowstone:                                	keep:[0]
	+ glowstone1:                               	keep:[0]
	+ glowstone2:                               	keep:[0]
	+ gold:                                     	keep:[0]
	+ granite:                                  	keep:[0]
	+ granite1:                                 	keep:[0]
	+ granite2:                                 	keep:[0]
	+ hardenedclay:                             	keep:[0]
	+ hardenedclay1:                            	keep:[0]
	+ hardenedclay2:                            	keep:[0]
	+ ice:                                      	keep:[0]
	+ ice1:                                     	keep:[0]
	+ ice2:                                     	keep:[0]
	+ icepillar:                                	keep:[0]
	+ iron:                                     	keep:[0]
	+ ironpane:                                 	keep:[0]
	+ laboratory:                               	keep:[0]
	+ lapis:                                    	keep:[0]
	+ lavastone:                                	keep:[0]
	+ lavastone1:                               	keep:[0]
	+ lavastone2:                               	keep:[0]
	+ limestone:                                	keep:[0]	keep-onei:[0]
	+ limestone1:                               	keep:[0]	keep-onei:[0]
	+ limestone2:                               	keep:[0]	keep-onei:[0]
	+ marble:                                   	keep:[0]
	+ marble1:                                  	keep:[0]
	+ marble2:                                  	keep:[0]
	+ marblepillar:                             	keep:[0]
	+ netherbrick:                              	keep:[0]
	+ netherrack:                               	keep:[0]
	+ obsidian:                                 	keep:[0]
	+ offsettool:                               	keep:[0]
	+ paper:                                    	keep:[0]
	+ planks-acacia:                            	keep:[0]
	+ planks-birch:                             	keep:[0]
	+ planks-dark-oak:                          	keep:[0]
	+ planks-jungle:                            	keep:[0]
	+ planks-oak:                               	keep:[0]
	+ planks-spruce:                            	keep:[0]
	+ prismarine:                               	keep:[0]
	+ prismarine1:                              	keep:[0]
	+ prismarine2:                              	keep:[0]
	+ purpur:                                   	keep:[0]
	+ purpur1:                                  	keep:[0]
	+ purpur2:                                  	keep:[0]
	+ quartz:                                   	keep:[0]
	+ quartz1:                                  	keep:[0]
	+ redstone:                                 	keep:[0]
	+ redstone1:                                	keep:[0]
	+ sandstone-scribbles:                      	keep:[0]
	+ sandstonered:                             	keep:[0]
	+ sandstonered-scribbles:                   	keep:[0]
	+ sandstonered1:                            	keep:[0]
	+ sandstonered2:                            	keep:[0]
	+ sandstoneyellow:                          	keep:[0]
	+ sandstoneyellow1:                         	keep:[0]
	+ sandstoneyellow2:                         	keep:[0]
	+ stonebrick:                               	keep:[0]
	+ stonebrick1:                              	keep:[0]
	+ stonebrick2:                              	keep:[0]
	+ technical:                                	keep:[0]
	+ technical1:                               	keep:[0]
	+ technicalnew:                             	keep:[0]
	+ temple:                                   	keep:[0]
	+ templemossy:                              	keep:[0]
	+ tyrian:                                   	keep:[0]
	+ valentines:                               	keep:[0]
	+ voidstone:                                	keep:[0]
	+ voidstonerunic:                           	keep:[0]
	+ waterstone:                               	keep:[0]
	+ waterstone1:                              	keep:[0]
	+ waterstone2:                              	keep:[0]
	+ wool_black:                               	keep:[0]
	+ wool_blue:                                	keep:[0]
	+ wool_brown:                               	keep:[0]
	+ wool_cyan:                                	keep:[0]
	+ wool_gray:                                	keep:[0]
	+ wool_green:                               	keep:[0]
	+ wool_lightblue:                           	keep:[0]
	+ wool_lightgray:                           	keep:[0]
	+ wool_lime:                                	keep:[0]
	+ wool_magenta:                             	keep:[0]
	+ wool_orange:                              	keep:[0]
	+ wool_pink:                                	keep:[0]
	+ wool_purple:                              	keep:[0]
	+ wool_red:                                 	keep:[0]
	+ wool_white:                               	keep:[0]
	+ wool_yellow:                              	keep:[0]
- forge :
	+ bucketfilled:                             	keep-one:[]
- minecraft :
	+ arrow:                                    	keep-one:[0]
	+ banner:                                   	keep:[0]
	+ book:                                     	keep-one:[0]
	+ carpet:                                   	keep:[0]
	+ enchanted_book:                           	keep-one:[0]
	+ knowledge_book:                           	keep-one:[0]
	+ lingering_potion:                         	keep-one:[0]
	+ potion:                                   	keep-one:[0]
	+ spawn_egg:                                	keep-one:[0]
	+ spectral_arrow:                           	keep-one:[0]
	+ splash_potion:                            	keep-one:[0]
	+ stained_glass:                            	keep:[0]
	+ stained_glass_pane:                       	keep:[0]
	+ stained_hardened_clay:                    	keep:[0]
	+ tipped_arrow:                             	keep-one:[0]
	+ wool:                                     	keep:[0]
	+ writable_book:                            	keep-one:[0]
	+ written_book:                             	keep-one:[0]
- reccomplex :
	+ artifact_generation_tag:                  	keep-one:[]
	+ block_selector:                           	keep-one:[]
	+ block_selector_floating:                  	keep-one:[]
	+ book_generation_tag:                      	keep-one:[]
	+ generic_solid:                            	keep-one:[]	keep:[0]
	+ generic_space:                            	keep-one:[]	keep:[0]
	+ inspector:                                	keep-one:[]
	+ inventory_generation_component_tag:       	keep-one:[]
	+ inventory_generation_single_tag:          	keep-one:[]
	+ inventory_generation_tag:                 	keep-one:[]
	+ maze_generator:                           	keep-one:[]
	+ spawn_script:                             	keep-one:[]
	+ structure_generator:                      	keep-one:[]
	+ weighted_command_block:                   	keep-one:[]
- xreliquary :
	+ bullet:                                   	keep:[0]
	+ magazine:                                 	keep:[0]
	+ mob_charm:                                	keep-one:[0]
	+ mob_charm_fragment:                       	keep:[0]
	+ pedestal:                                 	keep:[0]
	+ pedestal_passive:                         	keep:[0]
	+ potion:                                   	keep-one:[0]
	+ potion_essence:                           	keep-one:[0]
	+ tipped_arrow:                             	keep-one:[0]